<?xml version="1.0" encoding="utf-8"?><testsuites name="pytest tests"><testsuite name="pytest" errors="0" failures="0" skipped="0" tests="15" time="44.988" timestamp="2026-09-19T16:14:29.123769+00:00" hostname="agent-env-852b81f5-6100-4306-90ce-cd1851dc2048"><testcase classname="tests.test_wallet_agent_flows.TestPublicAndWalletAuth" name="test_health_and_public_endpoints" time="0.336" /><testcase classname="tests.test_wallet_agent_flows.TestReplayContractAndPersistence" name="test_replay_requires_valid_bearer_and_no_agent_empty" time="0.721" /><testcase classname="tests.test_wallet_agent_flows.TestPublicAndWalletAuth" name="test_session_without_wallet_identity_fails" time="0.063" /><testcase classname="tests.test_wallet_agent_flows.TestPublicAndWalletAuth" name="test_anonymous_or_forged_bearer_rejected" time="0.120" /><testcase classname="tests.test_wallet_agent_flows.TestPublicAndWalletAuth" name="test_wallet_payload_injection_rejected" time="0.112" /><testcase classname="tests.test_wallet_agent_flows.TestPublicAndWalletAuth" name="test_forged_recovery_rejected" time="0.142" /><testcase classname="tests.test_wallet_agent_flows.TestReplayContractAndPersistence" name="test_replay_records_generate_and_arithmetic_matches" time="2.573" /><testcase classname="tests.test_wallet_agent_flows.TestPublicAndWalletAuth" name="test_switch_revokes_old_token_and_disconnect_revokes_current" time="0.760" /><testcase classname="tests.test_wallet_agent_flows.TestHolderGatingAndAgentProgress" name="test_one_agent_per_wallet_and_persistence_lookup" time="0.366" /><testcase classname="tests.test_wallet_agent_flows.TestHolderGatingAndAgentProgress" name="test_holder_zero_blocks_mutations_but_allows_own_view" time="0.716" /><testcase classname="tests.test_wallet_agent_flows.TestHolderGatingAndAgentProgress" name="test_worker_pauses_active_agent_when_holder_access_lost" time="12.827" /><testcase classname="tests.test_wallet_agent_flows.TestReplayContractAndPersistence" name="test_replay_filters_and_before_cursor_no_overlap" time="21.824" /><testcase classname="tests.test_wallet_agent_flows.TestStrategyContestRewards" name="test_strategy_presets_and_save_evaluate_and_contest_entry" time="0.703" /><testcase classname="tests.test_wallet_agent_flows.TestStrategyContestRewards" name="test_rewards_surface_and_claim_rejected" time="0.502" /><testcase classname="tests.test_wallet_agent_flows.TestReplayContractAndPersistence" name="test_replay_read_allowed_after_holder_loss_and_owner_scoped" time="19.323" /></testsuite></testsuites>