<?xml version="1.0" encoding="utf-8"?><testsuites name="pytest tests"><testsuite name="pytest" errors="0" failures="0" skipped="0" tests="11" time="15.946" timestamp="2026-09-19T15:24:14.304312+00:00" hostname="agent-env-852b81f5-6100-4306-90ce-cd1851dc2048"><testcase classname="tests.test_wallet_agent_flows.TestHolderGatingAndAgentProgress" name="test_one_agent_per_wallet_and_persistence_lookup" time="0.562" /><testcase classname="tests.test_wallet_agent_flows.TestPublicAndWalletAuth" name="test_health_and_public_endpoints" time="0.332" /><testcase classname="tests.test_wallet_agent_flows.TestPublicAndWalletAuth" name="test_session_without_wallet_identity_fails" time="0.105" /><testcase classname="tests.test_wallet_agent_flows.TestPublicAndWalletAuth" name="test_anonymous_or_forged_bearer_rejected" time="0.062" /><testcase classname="tests.test_wallet_agent_flows.TestPublicAndWalletAuth" name="test_wallet_payload_injection_rejected" time="0.064" /><testcase classname="tests.test_wallet_agent_flows.TestHolderGatingAndAgentProgress" name="test_holder_zero_blocks_mutations_but_allows_own_view" time="0.946" /><testcase classname="tests.test_wallet_agent_flows.TestPublicAndWalletAuth" name="test_forged_recovery_rejected" time="0.122" /><testcase classname="tests.test_wallet_agent_flows.TestPublicAndWalletAuth" name="test_switch_revokes_old_token_and_disconnect_revokes_current" time="0.575" /><testcase classname="tests.test_wallet_agent_flows.TestHolderGatingAndAgentProgress" name="test_worker_pauses_active_agent_when_holder_access_lost" time="12.461" /><testcase classname="tests.test_wallet_agent_flows.TestStrategyContestRewards" name="test_strategy_presets_and_save_evaluate_and_contest_entry" time="0.751" /><testcase classname="tests.test_wallet_agent_flows.TestStrategyContestRewards" name="test_rewards_surface_and_claim_rejected" time="0.322" /></testsuite></testsuites>